  Source.cpp
C:\Users\NS\source\repos\BreakoutGame\BreakoutGame\Source.cpp(68,19): warning C4244: 'initializing': conversion from 'double' to 'int', possible loss of data
C:\Users\NS\source\repos\BreakoutGame\BreakoutGame\Source.cpp(77,13): warning C4244: 'return': conversion from 'double' to 'int', possible loss of data
C:\Users\NS\source\repos\BreakoutGame\BreakoutGame\Source.cpp(99,16): warning C4244: 'initializing': conversion from 'double' to 'float', possible loss of data
C:\Users\NS\source\repos\BreakoutGame\BreakoutGame\Source.cpp(100,19): warning C4244: '=': conversion from 'float' to 'int', possible loss of data
C:\Users\NS\source\repos\BreakoutGame\BreakoutGame\Source.cpp(101,19): warning C4244: '=': conversion from 'float' to 'int', possible loss of data
C:\Users\NS\source\repos\BreakoutGame\BreakoutGame\Source.cpp(142,38): warning C4244: 'argument': conversion from 'int' to 'GLfloat', possible loss of data
C:\Users\NS\source\repos\BreakoutGame\BreakoutGame\Source.cpp(142,21): warning C4244: 'argument': conversion from 'int' to 'GLfloat', possible loss of data
C:\Users\NS\source\repos\BreakoutGame\BreakoutGame\Source.cpp(142,14): warning C4244: 'argument': conversion from 'int' to 'GLfloat', possible loss of data
C:\Users\NS\source\repos\BreakoutGame\BreakoutGame\Source.cpp(142,10): warning C4244: 'argument': conversion from 'int' to 'GLfloat', possible loss of data
C:\Users\NS\source\repos\BreakoutGame\BreakoutGame\Source.cpp(149,15): warning C4244: 'initializing': conversion from 'double' to 'float', possible loss of data
C:\Users\NS\source\repos\BreakoutGame\BreakoutGame\Source.cpp(200,40): warning C4244: 'argument': conversion from 'int' to 'float', possible loss of data
C:\Users\NS\source\repos\BreakoutGame\BreakoutGame\Source.cpp(202,49): warning C4244: 'argument': conversion from 'int' to 'GLfloat', possible loss of data
C:\Users\NS\source\repos\BreakoutGame\BreakoutGame\Source.cpp(202,38): warning C4244: 'argument': conversion from 'int' to 'GLfloat', possible loss of data
C:\Users\NS\source\repos\BreakoutGame\BreakoutGame\Source.cpp(202,27): warning C4244: 'argument': conversion from 'int' to 'GLfloat', possible loss of data
C:\Users\NS\source\repos\BreakoutGame\BreakoutGame\Source.cpp(202,16): warning C4244: 'argument': conversion from 'int' to 'GLfloat', possible loss of data
C:\Users\NS\source\repos\BreakoutGame\BreakoutGame\Source.cpp(241,23): warning C4244: 'argument': conversion from 'double' to 'unsigned int', possible loss of data
C:\Users\NS\source\repos\BreakoutGame\BreakoutGame\Source.cpp(259,23): warning C4244: 'argument': conversion from 'double' to 'unsigned int', possible loss of data
  BreakoutGame.vcxproj -> C:\Users\NS\source\repos\BreakoutGame\x64\Debug\BreakoutGame.exe
          1 file(s) copied.
