  Source.cpp
C:\Users\NS\source\repos\BreakoutGame\BreakoutGame\Source.cpp(68,19): warning C4244: 'initializing': conversion from 'double' to 'int', possible loss of data
C:\Users\NS\source\repos\BreakoutGame\BreakoutGame\Source.cpp(75,13): warning C4244: 'initializing': conversion from 'double' to 'int', possible loss of data
C:\Users\NS\source\repos\BreakoutGame\BreakoutGame\Source.cpp(121,16): warning C4244: 'initializing': conversion from 'double' to 'float', possible loss of data
C:\Users\NS\source\repos\BreakoutGame\BreakoutGame\Source.cpp(122,19): warning C4244: '=': conversion from 'float' to 'int', possible loss of data
C:\Users\NS\source\repos\BreakoutGame\BreakoutGame\Source.cpp(123,19): warning C4244: '=': conversion from 'float' to 'int', possible loss of data
C:\Users\NS\source\repos\BreakoutGame\BreakoutGame\Source.cpp(178,38): warning C4244: 'argument': conversion from 'int' to 'GLfloat', possible loss of data
C:\Users\NS\source\repos\BreakoutGame\BreakoutGame\Source.cpp(178,21): warning C4244: 'argument': conversion from 'int' to 'GLfloat', possible loss of data
C:\Users\NS\source\repos\BreakoutGame\BreakoutGame\Source.cpp(178,14): warning C4244: 'argument': conversion from 'int' to 'GLfloat', possible loss of data
C:\Users\NS\source\repos\BreakoutGame\BreakoutGame\Source.cpp(178,10): warning C4244: 'argument': conversion from 'int' to 'GLfloat', possible loss of data
C:\Users\NS\source\repos\BreakoutGame\BreakoutGame\Source.cpp(185,15): warning C4244: 'initializing': conversion from 'double' to 'float', possible loss of data
C:\Users\NS\source\repos\BreakoutGame\BreakoutGame\Source.cpp(235,40): warning C4244: 'argument': conversion from 'int' to 'float', possible loss of data
C:\Users\NS\source\repos\BreakoutGame\BreakoutGame\Source.cpp(237,49): warning C4244: 'argument': conversion from 'int' to 'GLfloat', possible loss of data
C:\Users\NS\source\repos\BreakoutGame\BreakoutGame\Source.cpp(237,38): warning C4244: 'argument': conversion from 'int' to 'GLfloat', possible loss of data
C:\Users\NS\source\repos\BreakoutGame\BreakoutGame\Source.cpp(237,27): warning C4244: 'argument': conversion from 'int' to 'GLfloat', possible loss of data
C:\Users\NS\source\repos\BreakoutGame\BreakoutGame\Source.cpp(237,16): warning C4244: 'argument': conversion from 'int' to 'GLfloat', possible loss of data
C:\Users\NS\source\repos\BreakoutGame\BreakoutGame\Source.cpp(275,23): warning C4244: 'argument': conversion from 'double' to 'unsigned int', possible loss of data
C:\Users\NS\source\repos\BreakoutGame\BreakoutGame\Source.cpp(293,23): warning C4244: 'argument': conversion from 'double' to 'unsigned int', possible loss of data
  Generating code
  8 of 40 functions (20.0%) were compiled, the rest were copied from previous compilation.
    3 functions were new in current compilation
    4 functions had inline decision re-evaluated but remain unchanged
  Finished generating code
  BreakoutGame.vcxproj -> C:\Users\NS\source\repos\BreakoutGame\x64\Release\BreakoutGame.exe
          1 file(s) copied.
